<?xml version="1.0" encoding="UTF-8"?>
<robot generator="Robot 3.0.4 (Python 3.6.5 on win32)" generated="20180828 20:59:55.821">
<suite id="s1" name="添加老师" source="D:\PyCharm\SongQin_project\testCase\老师管理\添加老师.robot">
<kw name="Setup WebTest" library="rfResources" type="setup">
<kw name="Open Browser" library="SeleniumLibrary">
<doc>Opens a new browser instance to the given ``url``.</doc>
<arguments>
<arg>http://localhost/mgr/login/login.html</arg>
<arg>Firefox</arg>
</arguments>
<msg timestamp="20180828 20:59:55.983" level="INFO">Opening browser 'Firefox' to base url 'http://localhost/mgr/login/login.html'.</msg>
<status status="PASS" starttime="20180828 20:59:55.983" endtime="20180828 21:00:05.503"></status>
</kw>
<kw name="Set Selenium Implicit Wait" library="SeleniumLibrary">
<doc>Sets the implicit wait value used by Selenium.</doc>
<arguments>
<arg>10</arg>
</arguments>
<status status="PASS" starttime="20180828 21:00:05.503" endtime="20180828 21:00:05.509"></status>
</kw>
<status status="PASS" starttime="20180828 20:59:55.982" endtime="20180828 21:00:05.509"></status>
</kw>
<test id="s1-t1" name="test1">
<kw name="login" library="rfResources">
<arguments>
<arg>auto</arg>
<arg>sdfsdfsdf</arg>
</arguments>
<kw name="Input Text" library="SeleniumLibrary">
<doc>Types the given ``text`` into text field identified by ``locator``.</doc>
<arguments>
<arg>id=username</arg>
<arg>${username}</arg>
</arguments>
<msg timestamp="20180828 21:00:05.510" level="INFO">Typing text 'auto' into text field 'id=username'.</msg>
<status status="PASS" starttime="20180828 21:00:05.510" endtime="20180828 21:00:05.542"></status>
</kw>
<kw name="Input Text" library="SeleniumLibrary">
<doc>Types the given ``text`` into text field identified by ``locator``.</doc>
<arguments>
<arg>id=password</arg>
<arg>${password}</arg>
</arguments>
<msg timestamp="20180828 21:00:05.542" level="INFO">Typing text 'sdfsdfsdf' into text field 'id=password'.</msg>
<status status="PASS" starttime="20180828 21:00:05.542" endtime="20180828 21:00:05.569"></status>
</kw>
<kw name="Click Element" library="SeleniumLibrary">
<doc>Click element identified by ``locator``.</doc>
<arguments>
<arg>tag=button</arg>
</arguments>
<msg timestamp="20180828 21:00:05.569" level="INFO">Clicking element 'tag=button'.</msg>
<status status="PASS" starttime="20180828 21:00:05.569" endtime="20180828 21:00:05.827"></status>
</kw>
<kw name="Click Element" library="SeleniumLibrary">
<doc>Click element identified by ``locator``.</doc>
<arguments>
<arg>css=button[ng-click^=showAddOne]</arg>
</arguments>
<msg timestamp="20180828 21:00:05.828" level="INFO">Clicking element 'css=button[ng-click^=showAddOne]'.</msg>
<status status="PASS" starttime="20180828 21:00:05.828" endtime="20180828 21:00:07.378"></status>
</kw>
<status status="PASS" starttime="20180828 21:00:05.510" endtime="20180828 21:00:07.378"></status>
</kw>
<kw name="add course" library="rfResources">
<arguments>
<arg>初中化学</arg>
<arg>初中化学描述</arg>
<arg>1</arg>
</arguments>
<kw name="Input Text" library="SeleniumLibrary">
<doc>Types the given ``text`` into text field identified by ``locator``.</doc>
<arguments>
<arg>css=input[ng-model='addData.name']</arg>
<arg>${name}</arg>
</arguments>
<msg timestamp="20180828 21:00:07.379" level="INFO">Typing text '初中化学' into text field 'css=input[ng-model='addData.name']'.</msg>
<status status="PASS" starttime="20180828 21:00:07.379" endtime="20180828 21:00:07.400"></status>
</kw>
<kw name="Input Text" library="SeleniumLibrary">
<doc>Types the given ``text`` into text field identified by ``locator``.</doc>
<arguments>
<arg>css=textarea[ng-model='addData.desc']</arg>
<arg>${desc}</arg>
</arguments>
<msg timestamp="20180828 21:00:07.400" level="INFO">Typing text '初中化学描述' into text field 'css=textarea[ng-model='addData.desc']'.</msg>
<status status="PASS" starttime="20180828 21:00:07.400" endtime="20180828 21:00:07.429"></status>
</kw>
<kw name="Input Text" library="SeleniumLibrary">
<doc>Types the given ``text`` into text field identified by ``locator``.</doc>
<arguments>
<arg>css=input[ng-model='addData.display_idx']</arg>
<arg>${idx}</arg>
</arguments>
<msg timestamp="20180828 21:00:07.430" level="INFO">Typing text '1' into text field 'css=input[ng-model='addData.display_idx']'.</msg>
<status status="PASS" starttime="20180828 21:00:07.430" endtime="20180828 21:00:07.448"></status>
</kw>
<kw name="Click Element" library="SeleniumLibrary">
<doc>Click element identified by ``locator``.</doc>
<arguments>
<arg>css=button[ng-click^=addOne]</arg>
</arguments>
<msg timestamp="20180828 21:00:07.448" level="INFO">Clicking element 'css=button[ng-click^=addOne]'.</msg>
<status status="PASS" starttime="20180828 21:00:07.448" endtime="20180828 21:00:07.662"></status>
</kw>
<kw name="Sleep" library="BuiltIn">
<doc>Pauses the test executed for the given time.</doc>
<arguments>
<arg>2</arg>
</arguments>
<msg timestamp="20180828 21:00:09.663" level="INFO">Slept 2 seconds</msg>
<status status="PASS" starttime="20180828 21:00:07.662" endtime="20180828 21:00:09.663"></status>
</kw>
<status status="PASS" starttime="20180828 21:00:07.379" endtime="20180828 21:00:09.663"></status>
</kw>
<kw name="get List course" library="rfResources">
<assign>
<var>${lessons}</var>
</assign>
<kw name="Get WebElements" library="SeleniumLibrary">
<doc>Returns list of WebElement objects matching the ``locator``.</doc>
<arguments>
<arg>css=tr&gt;td:nth-child(2)</arg>
</arguments>
<assign>
<var>${eles}</var>
</assign>
<msg timestamp="20180828 21:00:09.676" level="INFO">${eles} = [&lt;selenium.webdriver.firefox.webelement.FirefoxWebElement (session="3dd3a52f-82c9-4f32-87b6-cefd45216e28", element="1861413c-ad9a-4d2a-9b0a-ae231a674594")&gt;]</msg>
<status status="PASS" starttime="20180828 21:00:09.664" endtime="20180828 21:00:09.676"></status>
</kw>
<kw name="Create List" library="BuiltIn">
<doc>Returns a list containing given items.</doc>
<assign>
<var>${lessons}</var>
</assign>
<msg timestamp="20180828 21:00:09.677" level="INFO">${lessons} = []</msg>
<status status="PASS" starttime="20180828 21:00:09.677" endtime="20180828 21:00:09.677"></status>
</kw>
<kw name="${ele} IN [ @{eles} ]" type="for">
<kw name="${ele} = &lt;selenium.webdriver.firefox.webelement.FirefoxWebElement (session=&quot;3dd3a52f-82c9-4f32-87b6-cefd45216e28&quot;, element=&quot;1861413c-ad9a-4d2a-9b0a-ae231a674594&quot;)&gt;" type="foritem">
<kw name="Log To Console" library="BuiltIn">
<doc>Logs the given message to the console.</doc>
<arguments>
<arg>${ele.text}</arg>
</arguments>
<status status="PASS" starttime="20180828 21:00:09.677" endtime="20180828 21:00:09.690"></status>
</kw>
<kw name="Append To List" library="Collections">
<doc>Adds ``values`` to the end of ``list``.</doc>
<arguments>
<arg>${lessons}</arg>
<arg>${ele.text}</arg>
</arguments>
<status status="PASS" starttime="20180828 21:00:09.690" endtime="20180828 21:00:09.697"></status>
</kw>
<status status="PASS" starttime="20180828 21:00:09.677" endtime="20180828 21:00:09.697"></status>
</kw>
<status status="PASS" starttime="20180828 21:00:09.677" endtime="20180828 21:00:09.697"></status>
</kw>
<msg timestamp="20180828 21:00:09.697" level="INFO">${lessons} = ['初中化学']</msg>
<status status="PASS" starttime="20180828 21:00:09.663" endtime="20180828 21:00:09.697"></status>
</kw>
<kw name="Should Be True" library="BuiltIn">
<doc>Fails if the given condition is not true.</doc>
<arguments>
<arg>$lessons==[u'初中化学']</arg>
</arguments>
<status status="PASS" starttime="20180828 21:00:09.698" endtime="20180828 21:00:09.702"></status>
</kw>
<status status="PASS" starttime="20180828 21:00:05.509" endtime="20180828 21:00:09.702" critical="yes"></status>
</test>
<kw name="Teardown WebTest" library="rfResources" type="teardown">
<kw name="Close Browser" library="SeleniumLibrary">
<doc>Closes the current browser.</doc>
<status status="PASS" starttime="20180828 21:00:09.704" endtime="20180828 21:00:10.957"></status>
</kw>
<status status="PASS" starttime="20180828 21:00:09.704" endtime="20180828 21:00:10.957"></status>
</kw>
<status status="PASS" starttime="20180828 20:59:55.822" endtime="20180828 21:00:10.957"></status>
</suite>
<statistics>
<total>
<stat pass="1" fail="0">Critical Tests</stat>
<stat pass="1" fail="0">All Tests</stat>
</total>
<tag>
</tag>
<suite>
<stat pass="1" fail="0" id="s1" name="添加老师">添加老师</stat>
</suite>
</statistics>
<errors>
</errors>
</robot>
